<?xml version="1.0" encoding="UTF-8"?>
<!-- Generated by org.testng.reporters.JUnitReportReporter -->
<testsuite hostname="SamehPC" failures="0" tests="1" name="GURRU99.GURRU99.HomePageTest" time="3.766" errors="0" timestamp="12 Nov 2019 14:32:25 GMT" skipped="0">
  <testcase classname="GURRU99.GURRU99.HomePageTest" name="TestMobilePage" time="3.766"/>
</testsuite> <!-- GURRU99.GURRU99.HomePageTest -->
