<?xml version="1.0" encoding="UTF-8"?>
<!-- Generated by org.testng.reporters.JUnitReportReporter -->
<testsuite hostname="SamehPC" failures="0" tests="1" name="GURRU99.GURRU99.CompareValueTest" time="8.128" errors="0" timestamp="13 Nov 2019 09:34:27 GMT" skipped="0">
  <testcase classname="GURRU99.GURRU99.CompareValueTest" name="ProductCompareValue" time="8.128"/>
</testsuite> <!-- GURRU99.GURRU99.CompareValueTest -->
