<?xml version="1.0" encoding="UTF-8"?>
<!-- Generated by org.testng.reporters.JUnitReportReporter -->
<testsuite hostname="SamehPC" failures="0" tests="1" name="GURRU99.GURRU99.AddProductToCartTest" time="12.561" errors="0" timestamp="14 Nov 2019 09:29:08 GMT" skipped="0">
  <testcase classname="GURRU99.GURRU99.AddProductToCartTest" name="USERADDPRODUCTTOCART" time="12.561"/>
</testsuite> <!-- GURRU99.GURRU99.AddProductToCartTest -->
